1703795156757	geckodriver	INFO	Listening on 127.0.0.1:58913
1703795159815	mozrunner::runner	INFO	Running command: "C:\\Users\\Pichau\\.cache\\selenium\\firefox\\win64\\121.0\\firefox.exe" "--marionette" "--remote-debugging ... " "--remote-allow-hosts" "localhost" "-no-remote" "-profile" "C:\\Users\\Pichau\\AppData\\Local\\Temp\\rust_mozprofileXTI9SI"
console.warn: services.settings: Ignoring preference override of remote settings server
console.warn: services.settings: Allow by setting MOZ_REMOTE_SETTINGS_DEVTOOLS=1 in the environment
1703795160845	Marionette	INFO	Marionette enabled
Dynamically enable window occlusion 0
1703795160966	Marionette	INFO	Listening on port 58936
Read port: 58936
WebDriver BiDi listening on ws://127.0.0.1:58914
1703795161034	RemoteAgent	WARN	TLS certificate errors will be ignored for this session
DevTools listening on ws://127.0.0.1:58914/devtools/browser/4abae474-9666-4144-ac5c-92c1c2163214
JavaScript warning: https://pagead2.googlesyndication.com/bg/Dtt_-LR3WxpzwV0Gscftq1A_D1owstvxoTnWWhwY4Ow.js line 2 > eval line 6492 > eval line 1 > eval line 1 > eval, line 1: WEBGL_debug_renderer_info is deprecated in Firefox and will be removed. Please use RENDERER.
1703795191685	addons.xpi	ERROR	System addon update list error SyntaxError: XMLHttpRequest.open: 'http://%(server)s/dummy-system-addons.xml' is not a valid URL.
console.log: "RemoteSettingsWorker error: DataError: IndexedDB: records, timestamps execute() Data provided to an operation does not meet requirements."
console.error: (new RemoteSettingsWorkerError("DataError: IndexedDB: records, timestamps execute() Data provided to an operation does not meet requirements.", "resource://services-settings/RemoteSettingsWorker.sys.mjs", 34))
JavaScript warning: https://gum.criteo.com/syncframe?topUrl=www.imovelweb.com.br&origin=onetag#{%22bundle%22:{%22origin%22:0,%22value%22:null},%22cw%22:true,%22optout%22:{%22origin%22:0,%22value%22:null},%22origin%22:%22onetag%22,%22sid%22:{%22origin%22:0,%22value%22:null},%22tld%22:%22imovelweb.com.br%22,%22topUrl%22:%22www.imovelweb.com.br%22,%22version%22:%225_20_0%22,%22ifa%22:{%22origin%22:0,%22value%22:null},%22lsw%22:true,%22pm%22:0}, line 13: Script terminated by timeout at:
r.prototype.flushEventQueue@https://gum.criteo.com/syncframe?topUrl=www.imovelweb.com.br&origin=onetag#{%22bundle%22:{%22origin%22:0,%22value%22:null},%22cw%22:true,%22optout%22:{%22origin%22:0,%22value%22:null},%22origin%22:%22onetag%22,%22sid%22:{%22origin%22:0,%22value%22:null},%22tld%22:%22imovelweb.com.br%22,%22topUrl%22:%22www.imovelweb.com.br%22,%22version%22:%225_20_0%22,%22ifa%22:{%22origin%22:0,%22value%22:null},%22lsw%22:true,%22pm%22:0}:13:3137
r/<@https://gum.criteo.com/syncframe?topUrl=www.imovelweb.com.br&origin=onetag#{%22bundle%22:{%22origin%22:0,%22value%22:null},%22cw%22:true,%22optout%22:{%22origin%22:0,%22value%22:null},%22origin%22:%22onetag%22,%22sid%22:{%22origin%22:0,%22value%22:null},%22tld%22:%22imovelweb.com.br%22,%22topUrl%22:%22www.imovelweb.com.br%22,%22version%22:%225_20_0%22,%22ifa%22:{%22origin%22:0,%22value%22:null},%22lsw%22:true,%22pm%22:0}:13:3642

JavaScript warning: https://pagead2.googlesyndication.com/bg/Dtt_-LR3WxpzwV0Gscftq1A_D1owstvxoTnWWhwY4Ow.js line 2 > eval line 572 > eval line 1 > eval line 1 > eval, line 1: WEBGL_debug_renderer_info is deprecated in Firefox and will be removed. Please use RENDERER.
JavaScript warning: https://pagead2.googlesyndication.com/bg/Dtt_-LR3WxpzwV0Gscftq1A_D1owstvxoTnWWhwY4Ow.js line 2 > eval line 7799 > eval line 1 > eval line 1 > eval, line 1: WEBGL_debug_renderer_info is deprecated in Firefox and will be removed. Please use RENDERER.
JavaScript warning: https://gum.criteo.com/syncframe?topUrl=www.imovelweb.com.br&origin=onetag#{%22bundle%22:{%22origin%22:3,%22value%22:%224U1W5V91Y05tUFpBZ1R1ZHFaYjh2ZHglMkZibXNVcTRCaFhHcmVRa21zS2s4R2J2NzVvSyUyQlhkOGh1VG0zNk10UzdTOFhmenZyRktiQ1clMkJSQjY5UkN0WkNua2wwcUlZNSUyQlBZVEZ2V2tzbW53dSUyQmRYSjdJREQyaUpQWnRkQ1E3JTJGMWpWbWc5bWFIODBXZ2klMkI3aGZSVWdkbE5MciUyQnRpWWsyQkJFbGNaQzMzZjVPMGcxR2hoeEI1aEJxSTU4OHBaOENMSnFBWUZJ%22},%22cw%22:true,%22optout%22:{%22origin%22:0,%22value%22:null},%22origin%22:%22onetag%22,%22sid%22:{%22origin%22:0,%22value%22:null},%22tld%22:%22imovelweb.com.br%22,%22topUrl%22:%22www.imovelweb.com.br%22,%22version%22:%225_20_0%22,%22ifa%22:{%22origin%22:0,%22value%22:null},%22lsw%22:true,%22pm%22:0}, line 13: Script terminated by timeout at:
r.prototype.flushEventQueue@https://gum.criteo.com/syncframe?topUrl=www.imovelweb.com.br&origin=onetag#{%22bundle%22:{%22origin%22:3,%22value%22:%224U1W5V91Y05tUFpBZ1R1ZHFaYjh2ZHglMkZibXNVcTRCaFhHcmVRa21zS2s4R2J2NzVvSyUyQlhkOGh1VG0zNk10UzdTOFhmenZyRktiQ1clMkJSQjY5UkN0WkNua2wwcUlZNSUyQlBZVEZ2V2tzbW53dSUyQmRYSjdJREQyaUpQWnRkQ1E3JTJGMWpWbWc5bWFIODBXZ2klMkI3aGZSVWdkbE5MciUyQnRpWWsyQkJFbGNaQzMzZjVPMGcxR2hoeEI1aEJxSTU4OHBaOENMSnFBWUZJ%22},%22cw%22:true,%22optout%22:{%22origin%22:0,%22value%22:null},%22origin%22:%22onetag%22,%22sid%22:{%22origin%22:0,%22value%22:null},%22tld%22:%22imovelweb.com.br%22,%22topUrl%22:%22www.imovelweb.com.br%22,%22version%22:%225_20_0%22,%22ifa%22:{%22origin%22:0,%22value%22:null},%22lsw%22:true,%22pm%22:0}:13:3137
r/<@https://gum.criteo.com/syncframe?topUrl=www.imovelweb.com.br&origin=onetag#{%22bundle%22:{%22origin%22:3,%22value%22:%224U1W5V91Y05tUFpBZ1R1ZHFaYjh2ZHglMkZibXNVcTRCaFhHcmVRa21zS2s4R2J2NzVvSyUyQlhkOGh1VG0zNk10UzdTOFhmenZyRktiQ1clMkJSQjY5UkN0WkNua2wwcUlZNSUyQlBZVEZ2V2tzbW53dSUyQmRYSjdJREQyaUpQWnRkQ1E3JTJGMWpWbWc5bWFIODBXZ2klMkI3aGZSVWdkbE5MciUyQnRpWWsyQkJFbGNaQzMzZjVPMGcxR2hoeEI1aEJxSTU4OHBaOENMSnFBWUZJ%22},%22cw%22:true,%22optout%22:{%22origin%22:0,%22value%22:null},%22origin%22:%22onetag%22,%22sid%22:{%22origin%22:0,%22value%22:null},%22tld%22:%22imovelweb.com.br%22,%22topUrl%22:%22www.imovelweb.com.br%22,%22version%22:%225_20_0%22,%22ifa%22:{%22origin%22:0,%22value%22:null},%22lsw%22:true,%22pm%22:0}:13:3642

JavaScript warning: https://pagead2.googlesyndication.com/bg/Dtt_-LR3WxpzwV0Gscftq1A_D1owstvxoTnWWhwY4Ow.js line 2 > eval line 6593 > eval line 1 > eval line 1 > eval, line 1: WEBGL_debug_renderer_info is deprecated in Firefox and will be removed. Please use RENDERER.
JavaScript warning: https://accounts.google.com/gsi/iframe/select?client_id=621660066022-euph88b13grrmr5imc8k156l1irns90v.apps.googleusercontent.com&ux_mode=popup&ui_mode=card&as=39v7%2F9s9xxBZI4rNAgeBNg&is_itp=true&channel_id=a0facf195ca241c2059a1ccce009fe156e3e98fa8d760dddfbc97add35eb1e91&origin=https%3A%2F%2Fwww.imovelweb.com.br, line 130: Script terminated by timeout at:
_.of@/_/gsi/_/js/k=gsi.gsi.pt_BR.Ahr3Yxz7f8U.O/am=ABQq/d=1/rs=AF0KOtW9Lnw2LQYFsNzdQFvuT44zeR2x3A/m=credential_server_library:130:1928
Ni@/_/gsi/_/js/k=gsi.gsi.pt_BR.Ahr3Yxz7f8U.O/am=ABQq/d=1/rs=AF0KOtW9Lnw2LQYFsNzdQFvuT44zeR2x3A/m=credential_server_library:198:222
Hi.prototype.I@/_/gsi/_/js/k=gsi.gsi.pt_BR.Ahr3Yxz7f8U.O/am=ABQq/d=1/rs=AF0KOtW9Lnw2LQYFsNzdQFvuT44zeR2x3A/m=credential_server_library:195:66
Hi/<@/_/gsi/_/js/k=gsi.gsi.pt_BR.Ahr3Yxz7f8U.O/am=ABQq/d=1/rs=AF0KOtW9Lnw2LQYFsNzdQFvuT44zeR2x3A/m=credential_server_library:189:288
pc@/_/gsi/_/js/k=gsi.gsi.pt_BR.Ahr3Yxz7f8U.O/am=ABQq/d=1/rs=AF0KOtW9Lnw2LQYFsNzdQFvuT44zeR2x3A/m=credential_server_library:62:102
b@/_/gsi/_/js/k=gsi.gsi.pt_BR.Ahr3Yxz7f8U.O/am=ABQq/d=1/rs=AF0KOtW9Lnw2LQYFsNzdQFvuT44zeR2x3A/m=credential_server_library:59:473

JavaScript warning: https://gum.criteo.com/syncframe?topUrl=www.imovelweb.com.br&origin=onetag#{%22bundle%22:{%22origin%22:3,%22value%22:%22PDvRcV91Y05tUFpBZ1R1ZHFaYjh2ZHglMkZibXI5bk9LT3ZGRHlqOUhaTEc4VWVSdkg3a0EwJTJCTGVyTjM1SlRWZG9CUGhpcUNjdjklMkJ3VVMzZEp0YVBkcWxpbjNHTGpWTkxZQ0NpSXZHMU00ZkJqc2ptcERDU1l0QmVCJTJGWWN5R3lOZkpmYmdHb0ZmZzBTeWMlMkJuWThTaWd2TVdyazMwekgyMmhmWjF0bDFVZGR0bmI4MWJlRmZ3RVJMbUlINFRYaUVSM0N5Nzho%22},%22cw%22:true,%22optout%22:{%22origin%22:0,%22value%22:null},%22origin%22:%22onetag%22,%22sid%22:{%22origin%22:0,%22value%22:null},%22tld%22:%22imovelweb.com.br%22,%22topUrl%22:%22www.imovelweb.com.br%22,%22version%22:%225_20_0%22,%22ifa%22:{%22origin%22:0,%22value%22:null},%22lsw%22:true,%22pm%22:0}, line 13: Script terminated by timeout at:
r.prototype.logPixel@https://gum.criteo.com/syncframe?topUrl=www.imovelweb.com.br&origin=onetag#{%22bundle%22:{%22origin%22:3,%22value%22:%22PDvRcV91Y05tUFpBZ1R1ZHFaYjh2ZHglMkZibXI5bk9LT3ZGRHlqOUhaTEc4VWVSdkg3a0EwJTJCTGVyTjM1SlRWZG9CUGhpcUNjdjklMkJ3VVMzZEp0YVBkcWxpbjNHTGpWTkxZQ0NpSXZHMU00ZkJqc2ptcERDU1l0QmVCJTJGWWN5R3lOZkpmYmdHb0ZmZzBTeWMlMkJuWThTaWd2TVdyazMwekgyMmhmWjF0bDFVZGR0bmI4MWJlRmZ3RVJMbUlINFRYaUVSM0N5Nzho%22},%22cw%22:true,%22optout%22:{%22origin%22:0,%22value%22:null},%22origin%22:%22onetag%22,%22sid%22:{%22origin%22:0,%22value%22:null},%22tld%22:%22imovelweb.com.br%22,%22topUrl%22:%22www.imovelweb.com.br%22,%22version%22:%225_20_0%22,%22ifa%22:{%22origin%22:0,%22value%22:null},%22lsw%22:true,%22pm%22:0}:13:3418
r.prototype.flushEventQueue@https://gum.criteo.com/syncframe?topUrl=www.imovelweb.com.br&origin=onetag#{%22bundle%22:{%22origin%22:3,%22value%22:%22PDvRcV91Y05tUFpBZ1R1ZHFaYjh2ZHglMkZibXI5bk9LT3ZGRHlqOUhaTEc4VWVSdkg3a0EwJTJCTGVyTjM1SlRWZG9CUGhpcUNjdjklMkJ3VVMzZEp0YVBkcWxpbjNHTGpWTkxZQ0NpSXZHMU00ZkJqc2ptcERDU1l0QmVCJTJGWWN5R3lOZkpmYmdHb0ZmZzBTeWMlMkJuWThTaWd2TVdyazMwekgyMmhmWjF0bDFVZGR0bmI4MWJlRmZ3RVJMbUlINFRYaUVSM0N5Nzho%22},%22cw%22:true,%22optout%22:{%22origin%22:0,%22value%22:null},%22origin%22:%22onetag%22,%22sid%22:{%22origin%22:0,%22value%22:null},%22tld%22:%22imovelweb.com.br%22,%22topUrl%22:%22www.imovelweb.com.br%22,%22version%22:%225_20_0%22,%22ifa%22:{%22origin%22:0,%22value%22:null},%22lsw%22:true,%22pm%22:0}:13:3152
r/<@https://gum.criteo.com/syncframe?topUrl=www.imovelweb.com.br&origin=onetag#{%22bundle%22:{%22origin%22:3,%22value%22:%22PDvRcV91Y05tUFpBZ1R1ZHFaYjh2ZHglMkZibXI5bk9LT3ZGRHlqOUhaTEc4VWVSdkg3a0EwJTJCTGVyTjM1SlRWZG9CUGhpcUNjdjklMkJ3VVMzZEp0YVBkcWxpbjNHTGpWTkxZQ0NpSXZHMU00ZkJqc2ptcERDU1l0QmVCJTJGWWN5R3lOZkpmYmdHb0ZmZzBTeWMlMkJuWThTaWd2TVdyazMwekgyMmhmWjF0bDFVZGR0bmI4MWJlRmZ3RVJMbUlINFRYaUVSM0N5Nzho%22},%22cw%22:true,%22optout%22:{%22origin%22:0,%22value%22:null},%22origin%22:%22onetag%22,%22sid%22:{%22origin%22:0,%22value%22:null},%22tld%22:%22imovelweb.com.br%22,%22topUrl%22:%22www.imovelweb.com.br%22,%22version%22:%225_20_0%22,%22ifa%22:{%22origin%22:0,%22value%22:null},%22lsw%22:true,%22pm%22:0}:13:3642

JavaScript warning: https://pagead2.googlesyndication.com/bg/Dtt_-LR3WxpzwV0Gscftq1A_D1owstvxoTnWWhwY4Ow.js line 2 > eval line 4583 > eval line 1 > eval line 1 > eval, line 1: WEBGL_debug_renderer_info is deprecated in Firefox and will be removed. Please use RENDERER.
JavaScript warning: https://gum.criteo.com/syncframe?topUrl=www.imovelweb.com.br&origin=onetag#{%22bundle%22:{%22origin%22:3,%22value%22:%22K_e6hV91Y05tUFpBZ1R1ZHFaYjh2ZHglMkZibW1FcEhNUXl3dzlKOGhLVjNNJTJGV3g2NUtNUFVaYko2Mk9ZbjRWRUtRc0piJTJCTSUyRmhXUVZ4MTVhQXZVT0YlMkJNV2VjTm92QnNtWTdJaFlqcEJETlJKaW94eCUyQjBSUlQ1NTlNTVhaeU5leGoyRWVxJTJCb09HMlRDSzA4JTJGSVFVUHpiNlpDYm1TTzZnVkJyODN0MDlHcmlYMDRWUTFHVHBDNkJDRnRoRGMxMkg4d3ZObTFo%22},%22cw%22:true,%22optout%22:{%22origin%22:0,%22value%22:null},%22origin%22:%22onetag%22,%22sid%22:{%22origin%22:0,%22value%22:null},%22tld%22:%22imovelweb.com.br%22,%22topUrl%22:%22www.imovelweb.com.br%22,%22version%22:%225_20_0%22,%22ifa%22:{%22origin%22:0,%22value%22:null},%22lsw%22:true,%22pm%22:0}, line 13: Script terminated by timeout at:
r.prototype.flushEventQueue@https://gum.criteo.com/syncframe?topUrl=www.imovelweb.com.br&origin=onetag#{%22bundle%22:{%22origin%22:3,%22value%22:%22K_e6hV91Y05tUFpBZ1R1ZHFaYjh2ZHglMkZibW1FcEhNUXl3dzlKOGhLVjNNJTJGV3g2NUtNUFVaYko2Mk9ZbjRWRUtRc0piJTJCTSUyRmhXUVZ4MTVhQXZVT0YlMkJNV2VjTm92QnNtWTdJaFlqcEJETlJKaW94eCUyQjBSUlQ1NTlNTVhaeU5leGoyRWVxJTJCb09HMlRDSzA4JTJGSVFVUHpiNlpDYm1TTzZnVkJyODN0MDlHcmlYMDRWUTFHVHBDNkJDRnRoRGMxMkg4d3ZObTFo%22},%22cw%22:true,%22optout%22:{%22origin%22:0,%22value%22:null},%22origin%22:%22onetag%22,%22sid%22:{%22origin%22:0,%22value%22:null},%22tld%22:%22imovelweb.com.br%22,%22topUrl%22:%22www.imovelweb.com.br%22,%22version%22:%225_20_0%22,%22ifa%22:{%22origin%22:0,%22value%22:null},%22lsw%22:true,%22pm%22:0}:13:3137
r/<@https://gum.criteo.com/syncframe?topUrl=www.imovelweb.com.br&origin=onetag#{%22bundle%22:{%22origin%22:3,%22value%22:%22K_e6hV91Y05tUFpBZ1R1ZHFaYjh2ZHglMkZibW1FcEhNUXl3dzlKOGhLVjNNJTJGV3g2NUtNUFVaYko2Mk9ZbjRWRUtRc0piJTJCTSUyRmhXUVZ4MTVhQXZVT0YlMkJNV2VjTm92QnNtWTdJaFlqcEJETlJKaW94eCUyQjBSUlQ1NTlNTVhaeU5leGoyRWVxJTJCb09HMlRDSzA4JTJGSVFVUHpiNlpDYm1TTzZnVkJyODN0MDlHcmlYMDRWUTFHVHBDNkJDRnRoRGMxMkg4d3ZObTFo%22},%22cw%22:true,%22optout%22:{%22origin%22:0,%22value%22:null},%22origin%22:%22onetag%22,%22sid%22:{%22origin%22:0,%22value%22:null},%22tld%22:%22imovelweb.com.br%22,%22topUrl%22:%22www.imovelweb.com.br%22,%22version%22:%225_20_0%22,%22ifa%22:{%22origin%22:0,%22value%22:null},%22lsw%22:true,%22pm%22:0}:13:3642

JavaScript warning: https://accounts.google.com/gsi/iframe/select?client_id=621660066022-euph88b13grrmr5imc8k156l1irns90v.apps.googleusercontent.com&ux_mode=popup&ui_mode=card&as=dqYe2Fryw1ghIMiXqknLVg&is_itp=true&channel_id=d0367d951a94359d3c3e6372bae2f97308def6f04b7b2249042db7435ba520c1&origin=https%3A%2F%2Fwww.imovelweb.com.br, line 132: Script terminated by timeout at:
_.O@/_/gsi/_/js/k=gsi.gsi.pt_BR.Ahr3Yxz7f8U.O/am=ABQq/d=1/rs=AF0KOtW9Lnw2LQYFsNzdQFvuT44zeR2x3A/m=credential_server_library:132:188
Ki@/_/gsi/_/js/k=gsi.gsi.pt_BR.Ahr3Yxz7f8U.O/am=ABQq/d=1/rs=AF0KOtW9Lnw2LQYFsNzdQFvuT44zeR2x3A/m=credential_server_library:198:192
Hi.prototype.I@/_/gsi/_/js/k=gsi.gsi.pt_BR.Ahr3Yxz7f8U.O/am=ABQq/d=1/rs=AF0KOtW9Lnw2LQYFsNzdQFvuT44zeR2x3A/m=credential_server_library:195:87
Hi/<@/_/gsi/_/js/k=gsi.gsi.pt_BR.Ahr3Yxz7f8U.O/am=ABQq/d=1/rs=AF0KOtW9Lnw2LQYFsNzdQFvuT44zeR2x3A/m=credential_server_library:189:288
pc@/_/gsi/_/js/k=gsi.gsi.pt_BR.Ahr3Yxz7f8U.O/am=ABQq/d=1/rs=AF0KOtW9Lnw2LQYFsNzdQFvuT44zeR2x3A/m=credential_server_library:62:102
b@/_/gsi/_/js/k=gsi.gsi.pt_BR.Ahr3Yxz7f8U.O/am=ABQq/d=1/rs=AF0KOtW9Lnw2LQYFsNzdQFvuT44zeR2x3A/m=credential_server_library:59:473

JavaScript warning: https://pagead2.googlesyndication.com/bg/Dtt_-LR3WxpzwV0Gscftq1A_D1owstvxoTnWWhwY4Ow.js line 2 > eval line 3011 > eval line 1 > eval line 1 > eval, line 1: WEBGL_debug_renderer_info is deprecated in Firefox and will be removed. Please use RENDERER.
JavaScript warning: https://gum.criteo.com/syncframe?topUrl=www.imovelweb.com.br&origin=onetag#{%22bundle%22:{%22origin%22:3,%22value%22:%22v81Y-F91Y05tUFpBZ1R1ZHFaYjh2ZHglMkZibXJhN0N4Y3pnOFNtelAwbloxR0NnQ0RQbzE4ZGtaQ2ZudElLJTJGNmFyalhHZlo5ZXJLZGV1ciUyRmllZDllYzdGcXY3UmZpQzRHWHU1bzNrMWFIdTB1aGY1ekdEVldta0NiZHVQZk5lU1E1ano5VmsxcGJFNU5rVkslMkJaREtzUXpVNzA2VGFsc2d3VWlaeVNRSk5vWWg0RW5JMkZoYnBjOWc3eG9pVEtvdXh0TkNnRQ%22},%22cw%22:true,%22optout%22:{%22origin%22:0,%22value%22:null},%22origin%22:%22onetag%22,%22sid%22:{%22origin%22:0,%22value%22:null},%22tld%22:%22imovelweb.com.br%22,%22topUrl%22:%22www.imovelweb.com.br%22,%22version%22:%225_20_0%22,%22ifa%22:{%22origin%22:0,%22value%22:null},%22lsw%22:true,%22pm%22:0}, line 13: Script terminated by timeout at:
r.prototype.flushEventQueue@https://gum.criteo.com/syncframe?topUrl=www.imovelweb.com.br&origin=onetag#{%22bundle%22:{%22origin%22:3,%22value%22:%22v81Y-F91Y05tUFpBZ1R1ZHFaYjh2ZHglMkZibXJhN0N4Y3pnOFNtelAwbloxR0NnQ0RQbzE4ZGtaQ2ZudElLJTJGNmFyalhHZlo5ZXJLZGV1ciUyRmllZDllYzdGcXY3UmZpQzRHWHU1bzNrMWFIdTB1aGY1ekdEVldta0NiZHVQZk5lU1E1ano5VmsxcGJFNU5rVkslMkJaREtzUXpVNzA2VGFsc2d3VWlaeVNRSk5vWWg0RW5JMkZoYnBjOWc3eG9pVEtvdXh0TkNnRQ%22},%22cw%22:true,%22optout%22:{%22origin%22:0,%22value%22:null},%22origin%22:%22onetag%22,%22sid%22:{%22origin%22:0,%22value%22:null},%22tld%22:%22imovelweb.com.br%22,%22topUrl%22:%22www.imovelweb.com.br%22,%22version%22:%225_20_0%22,%22ifa%22:{%22origin%22:0,%22value%22:null},%22lsw%22:true,%22pm%22:0}:13:3137
r/<@https://gum.criteo.com/syncframe?topUrl=www.imovelweb.com.br&origin=onetag#{%22bundle%22:{%22origin%22:3,%22value%22:%22v81Y-F91Y05tUFpBZ1R1ZHFaYjh2ZHglMkZibXJhN0N4Y3pnOFNtelAwbloxR0NnQ0RQbzE4ZGtaQ2ZudElLJTJGNmFyalhHZlo5ZXJLZGV1ciUyRmllZDllYzdGcXY3UmZpQzRHWHU1bzNrMWFIdTB1aGY1ekdEVldta0NiZHVQZk5lU1E1ano5VmsxcGJFNU5rVkslMkJaREtzUXpVNzA2VGFsc2d3VWlaeVNRSk5vWWg0RW5JMkZoYnBjOWc3eG9pVEtvdXh0TkNnRQ%22},%22cw%22:true,%22optout%22:{%22origin%22:0,%22value%22:null},%22origin%22:%22onetag%22,%22sid%22:{%22origin%22:0,%22value%22:null},%22tld%22:%22imovelweb.com.br%22,%22topUrl%22:%22www.imovelweb.com.br%22,%22version%22:%225_20_0%22,%22ifa%22:{%22origin%22:0,%22value%22:null},%22lsw%22:true,%22pm%22:0}:13:3642

JavaScript warning: https://accounts.google.com/gsi/iframe/select?client_id=621660066022-euph88b13grrmr5imc8k156l1irns90v.apps.googleusercontent.com&ux_mode=popup&ui_mode=card&as=Na%2F0i5gXDZR0oLpy9P95UQ&is_itp=true&channel_id=3342ce538ccdd34259c93a829f9a184196de38499ac5d1522c86426335ef5920&origin=https%3A%2F%2Fwww.imovelweb.com.br, line 196: Script terminated by timeout at:
Oi@/_/gsi/_/js/k=gsi.gsi.pt_BR.Ahr3Yxz7f8U.O/am=ABQq/d=1/rs=AF0KOtW9Lnw2LQYFsNzdQFvuT44zeR2x3A/m=credential_server_library:196:441
Li@/_/gsi/_/js/k=gsi.gsi.pt_BR.Ahr3Yxz7f8U.O/am=ABQq/d=1/rs=AF0KOtW9Lnw2LQYFsNzdQFvuT44zeR2x3A/m=credential_server_library:196:22
Hi.prototype.I@/_/gsi/_/js/k=gsi.gsi.pt_BR.Ahr3Yxz7f8U.O/am=ABQq/d=1/rs=AF0KOtW9Lnw2LQYFsNzdQFvuT44zeR2x3A/m=credential_server_library:195:100
Hi/<@/_/gsi/_/js/k=gsi.gsi.pt_BR.Ahr3Yxz7f8U.O/am=ABQq/d=1/rs=AF0KOtW9Lnw2LQYFsNzdQFvuT44zeR2x3A/m=credential_server_library:189:288
pc@/_/gsi/_/js/k=gsi.gsi.pt_BR.Ahr3Yxz7f8U.O/am=ABQq/d=1/rs=AF0KOtW9Lnw2LQYFsNzdQFvuT44zeR2x3A/m=credential_server_library:62:102
b@/_/gsi/_/js/k=gsi.gsi.pt_BR.Ahr3Yxz7f8U.O/am=ABQq/d=1/rs=AF0KOtW9Lnw2LQYFsNzdQFvuT44zeR2x3A/m=credential_server_library:59:473

JavaScript warning: https://pagead2.googlesyndication.com/bg/Dtt_-LR3WxpzwV0Gscftq1A_D1owstvxoTnWWhwY4Ow.js line 2 > eval line 813 > eval line 1 > eval line 1 > eval, line 1: WEBGL_debug_renderer_info is deprecated in Firefox and will be removed. Please use RENDERER.
JavaScript warning: https://www.imovelweb.com.br/apartamentos-aluguel-sao-paulo-sp.html, line 270: Script terminated by timeout at:
nrWrapper@https://www.imovelweb.com.br/apartamentos-aluguel-sao-paulo-sp.html:270:14804

1703795635494	Marionette	INFO	Stopped listening on port 58936
Dynamically enable window occlusion 1
1703872447448	geckodriver	INFO	Listening on 127.0.0.1:56423
1703872450470	mozrunner::runner	INFO	Running command: "C:\\Users\\Pichau\\.cache\\selenium\\firefox\\win64\\121.0\\firefox.exe" "--marionette" "--remote-debugging ... " "--remote-allow-hosts" "localhost" "-no-remote" "-profile" "C:\\Users\\Pichau\\AppData\\Local\\Temp\\rust_mozprofileZb7Jk7"
console.warn: services.settings: Ignoring preference override of remote settings server
console.warn: services.settings: Allow by setting MOZ_REMOTE_SETTINGS_DEVTOOLS=1 in the environment
1703872451537	Marionette	INFO	Marionette enabled
Dynamically enable window occlusion 0
1703872451670	Marionette	INFO	Listening on port 56436
Read port: 56436
WebDriver BiDi listening on ws://127.0.0.1:56424
1703872451737	RemoteAgent	WARN	TLS certificate errors will be ignored for this session
DevTools listening on ws://127.0.0.1:56424/devtools/browser/25be2b9f-fb16-4093-84ee-29c4ec6a0f18
JavaScript warning: https://pagead2.googlesyndication.com/bg/Dtt_-LR3WxpzwV0Gscftq1A_D1owstvxoTnWWhwY4Ow.js line 2 > eval line 6565 > eval line 1 > eval line 1 > eval, line 1: WEBGL_debug_renderer_info is deprecated in Firefox and will be removed. Please use RENDERER.
1703872483199	addons.xpi	ERROR	System addon update list error SyntaxError: XMLHttpRequest.open: 'http://%(server)s/dummy-system-addons.xml' is not a valid URL.
console.log: "RemoteSettingsWorker error: DataError: IndexedDB: records, timestamps execute() Data provided to an operation does not meet requirements."
console.error: (new RemoteSettingsWorkerError("DataError: IndexedDB: records, timestamps execute() Data provided to an operation does not meet requirements.", "resource://services-settings/RemoteSettingsWorker.sys.mjs", 34))
JavaScript warning: https://www.imovelweb.com.br/apartamentos-aluguel-sao-paulo-sp.html, line 270: Script terminated by timeout at:
nrWrapper@https://www.imovelweb.com.br/apartamentos-aluguel-sao-paulo-sp.html:270:14804

JavaScript warning: https://gum.criteo.com/syncframe?topUrl=www.imovelweb.com.br&origin=onetag#{%22bundle%22:{%22origin%22:0,%22value%22:null},%22cw%22:true,%22optout%22:{%22origin%22:0,%22value%22:null},%22origin%22:%22onetag%22,%22sid%22:{%22origin%22:0,%22value%22:null},%22tld%22:%22imovelweb.com.br%22,%22topUrl%22:%22www.imovelweb.com.br%22,%22version%22:%225_20_0%22,%22ifa%22:{%22origin%22:0,%22value%22:null},%22lsw%22:true,%22pm%22:0}, line 13: Script terminated by timeout at:
r.prototype.flushEventQueue@https://gum.criteo.com/syncframe?topUrl=www.imovelweb.com.br&origin=onetag#{%22bundle%22:{%22origin%22:0,%22value%22:null},%22cw%22:true,%22optout%22:{%22origin%22:0,%22value%22:null},%22origin%22:%22onetag%22,%22sid%22:{%22origin%22:0,%22value%22:null},%22tld%22:%22imovelweb.com.br%22,%22topUrl%22:%22www.imovelweb.com.br%22,%22version%22:%225_20_0%22,%22ifa%22:{%22origin%22:0,%22value%22:null},%22lsw%22:true,%22pm%22:0}:13:3137
r/<@https://gum.criteo.com/syncframe?topUrl=www.imovelweb.com.br&origin=onetag#{%22bundle%22:{%22origin%22:0,%22value%22:null},%22cw%22:true,%22optout%22:{%22origin%22:0,%22value%22:null},%22origin%22:%22onetag%22,%22sid%22:{%22origin%22:0,%22value%22:null},%22tld%22:%22imovelweb.com.br%22,%22topUrl%22:%22www.imovelweb.com.br%22,%22version%22:%225_20_0%22,%22ifa%22:{%22origin%22:0,%22value%22:null},%22lsw%22:true,%22pm%22:0}:13:3642

JavaScript warning: https://challenges.cloudflare.com/cdn-cgi/challenge-platform/h/g/orchestrate/chl_api/v1?ray=83d3e93bae37a5ce, line 1: WEBGL_debug_renderer_info is deprecated in Firefox and will be removed. Please use RENDERER.
1703872493168	Marionette	INFO	Stopped listening on port 56436
Dynamically enable window occlusion 1
